<?xml version="1.0" encoding="UTF-8"?>
<testsuite name="org.example.MainTest" tests="1" skipped="0" failures="0" errors="0" timestamp="2023-03-07T16:48:07" hostname="LAPTOP-MA03V1M3" time="0.894">
  <properties/>
  <testcase name="main()" classname="org.example.MainTest" time="0.894"/>
  <system-out><![CDATA[]]></system-out>
  <system-err><![CDATA[null
null
null
]]></system-err>
</testsuite>
